<?xml version="1.0" encoding="UTF-8"?>
<!-- Generated by org.testng.reporters.JUnitReportReporter -->
<testsuite hostname="PC" failures="0" tests="1" name="com.inetBanking.testCases.TC_loginTest_001" time="3.382" errors="0" timestamp="14 Feb 2021 03:46:21 GMT" skipped="0">
  <testcase classname="com.inetBanking.testCases.TC_loginTest_001" name="Login" time="3.382"/>
</testsuite> <!-- com.inetBanking.testCases.TC_loginTest_001 -->
