<?xml version="1.0" encoding="UTF-8"?>
<!-- Generated by org.testng.reporters.JUnitReportReporter -->
<testsuite hostname="PC" failures="0" tests="1" name="com.inetBanking.testCases.TC_AddNewCustomer_003" time="12.994" errors="0" timestamp="18 Feb 2021 15:46:14 GMT" skipped="0">
  <testcase classname="com.inetBanking.testCases.TC_AddNewCustomer_003" name="AddNewCustomer" time="12.994"/>
</testsuite> <!-- com.inetBanking.testCases.TC_AddNewCustomer_003 -->
