<?xml version="1.0" encoding="UTF-8"?>
<!-- Generated by org.testng.reporters.JUnitReportReporter -->
<testsuite hostname="PC" failures="0" tests="1" name="com.e_Bank.AppTest" time="0.011" errors="0" timestamp="20 Feb. 2021 21:36:32 GMT" skipped="0">
  <testcase classname="com.e_Bank.AppTest" name="shouldAnswerWithTrue" time="0.011"/>
</testsuite> <!-- com.e_Bank.AppTest -->
